# JRE version: Java(TM) SE Runtime Environment (23.0+37) (build 23+37-2369)
# Java VM: Java HotSpot(TM) 64-Bit Server VM (23+37-2369, mixed mode, sharing, tiered, compressed oops, compressed class ptrs, g1 gc, windows-amd64)
GC Precious Log:
 CardTable entry size: 512
 Card Set container configuration: InlinePtr #cards 4 size 8 Array Of Cards #cards 32 size 80 Howl #buckets 8 coarsen threshold 7372 Howl Bitmap #cards 1024 size 144 coarsen threshold 921 Card regions per heap region 1 cards per card region 8192
 CPUs: 20 total, 20 available
 Memory: 32400M
 Large Page Support: Disabled
 NUMA Support: Disabled
 Compressed Oops: Enabled (Zero based)
 Heap Region Size: 4M
 Heap Min Capacity: 8M
 Heap Initial Capacity: 508M
 Heap Max Capacity: 8104M
 Pre-touch: Disabled
 Parallel Workers: 15
 Concurrent Workers: 4
 Concurrent Refinement Workers: 15
 Periodic GC: Disabled
Heap:
 garbage-first heap   total reserved 8298496K, committed 626688K, used 360101K [0x0000000605800000, 0x0000000800000000)
  region size 4096K, 7 young (28672K), 3 survivors (12288K)
 Metaspace       used 30796K, committed 31232K, reserved 1114112K
  class space    used 4226K, committed 4416K, reserved 1048576K
GC Heap History (20 events):
Event: 2.160 GC heap before
{Heap before GC invocations=4 (full 0):
 garbage-first heap   total reserved 8298496K, committed 163840K, used 56226K [0x0000000605800000, 0x0000000800000000)
  region size 4096K, 5 young (20480K), 2 survivors (8192K)
 Metaspace       used 22146K, committed 22592K, reserved 1114112K
  class space    used 2812K, committed 3008K, reserved 1048576K
}
Event: 2.164 GC heap after
{Heap after GC invocations=5 (full 0):
 garbage-first heap   total reserved 8298496K, committed 163840K, used 48526K [0x0000000605800000, 0x0000000800000000)
  region size 4096K, 2 young (8192K), 2 survivors (8192K)
 Metaspace       used 22146K, committed 22592K, reserved 1114112K
  class space    used 2812K, committed 3008K, reserved 1048576K
}
Event: 2.428 GC heap before
{Heap before GC invocations=5 (full 0):
 garbage-first heap   total reserved 8298496K, committed 163840K, used 93582K [0x0000000605800000, 0x0000000800000000)
  region size 4096K, 4 young (16384K), 2 survivors (8192K)
 Metaspace       used 22878K, committed 23232K, reserved 1114112K
  class space    used 2928K, committed 3072K, reserved 1048576K
}
Event: 2.431 GC heap after
{Heap after GC invocations=6 (full 0):
 garbage-first heap   total reserved 8298496K, committed 163840K, used 89303K [0x0000000605800000, 0x0000000800000000)
  region size 4096K, 2 young (8192K), 2 survivors (8192K)
 Metaspace       used 22878K, committed 23232K, reserved 1114112K
  class space    used 2928K, committed 3072K, reserved 1048576K
}
Event: 2.602 GC heap before
{Heap before GC invocations=7 (full 0):
 garbage-first heap   total reserved 8298496K, committed 241664K, used 138455K [0x0000000605800000, 0x0000000800000000)
  region size 4096K, 3 young (12288K), 2 survivors (8192K)
 Metaspace       used 22879K, committed 23232K, reserved 1114112K
  class space    used 2928K, committed 3072K, reserved 1048576K
}
Event: 2.606 GC heap after
{Heap after GC invocations=8 (full 0):
 garbage-first heap   total reserved 8298496K, committed 241664K, used 139027K [0x0000000605800000, 0x0000000800000000)
  region size 4096K, 1 young (4096K), 1 survivors (4096K)
 Metaspace       used 22879K, committed 23232K, reserved 1114112K
  class space    used 2928K, committed 3072K, reserved 1048576K
}
Event: 3.232 GC heap before
{Heap before GC invocations=9 (full 0):
 garbage-first heap   total reserved 8298496K, committed 307200K, used 188179K [0x0000000605800000, 0x0000000800000000)
  region size 4096K, 5 young (20480K), 1 survivors (4096K)
 Metaspace       used 25763K, committed 26176K, reserved 1114112K
  class space    used 3537K, committed 3712K, reserved 1048576K
}
Event: 3.236 GC heap after
{Heap after GC invocations=10 (full 0):
 garbage-first heap   total reserved 8298496K, committed 307200K, used 180308K [0x0000000605800000, 0x0000000800000000)
  region size 4096K, 1 young (4096K), 1 survivors (4096K)
 Metaspace       used 25763K, committed 26176K, reserved 1114112K
  class space    used 3537K, committed 3712K, reserved 1048576K
}
Event: 3.742 GC heap before
{Heap before GC invocations=11 (full 0):
 garbage-first heap   total reserved 8298496K, committed 376832K, used 225364K [0x0000000605800000, 0x0000000800000000)
  region size 4096K, 3 young (12288K), 1 survivors (4096K)
 Metaspace       used 26550K, committed 26944K, reserved 1114112K
  class space    used 3617K, committed 3776K, reserved 1048576K
}
Event: 3.744 GC heap after
{Heap after GC invocations=12 (full 0):
 garbage-first heap   total reserved 8298496K, committed 376832K, used 181843K [0x0000000605800000, 0x0000000800000000)
  region size 4096K, 1 young (4096K), 1 survivors (4096K)
 Metaspace       used 26550K, committed 26944K, reserved 1114112K
  class space    used 3617K, committed 3776K, reserved 1048576K
}
Event: 4.441 GC heap before
{Heap before GC invocations=13 (full 0):
 garbage-first heap   total reserved 8298496K, committed 376832K, used 222803K [0x0000000605800000, 0x0000000800000000)
  region size 4096K, 4 young (16384K), 1 survivors (4096K)
 Metaspace       used 27153K, committed 27584K, reserved 1114112K
  class space    used 3666K, committed 3840K, reserved 1048576K
}
Event: 4.444 GC heap after
{Heap after GC invocations=14 (full 0):
 garbage-first heap   total reserved 8298496K, committed 376832K, used 223838K [0x0000000605800000, 0x0000000800000000)
  region size 4096K, 3 young (12288K), 3 survivors (12288K)
 Metaspace       used 27153K, committed 27584K, reserved 1114112K
  class space    used 3666K, committed 3840K, reserved 1048576K
}
Event: 5.307 GC heap before
{Heap before GC invocations=15 (full 0):
 garbage-first heap   total reserved 8298496K, committed 446464K, used 277086K [0x0000000605800000, 0x0000000800000000)
  region size 4096K, 9 young (36864K), 3 survivors (12288K)
 Metaspace       used 29492K, committed 29952K, reserved 1114112K
  class space    used 4079K, committed 4288K, reserved 1048576K
}
Event: 5.311 GC heap after
{Heap after GC invocations=16 (full 0):
 garbage-first heap   total reserved 8298496K, committed 446464K, used 223832K [0x0000000605800000, 0x0000000800000000)
  region size 4096K, 3 young (12288K), 3 survivors (12288K)
 Metaspace       used 29492K, committed 29952K, reserved 1114112K
  class space    used 4079K, committed 4288K, reserved 1048576K
}
Event: 5.590 GC heap before
{Heap before GC invocations=17 (full 0):
 garbage-first heap   total reserved 8298496K, committed 450560K, used 268888K [0x0000000605800000, 0x0000000800000000)
  region size 4096K, 5 young (20480K), 3 survivors (12288K)
 Metaspace       used 30208K, committed 30656K, reserved 1114112K
  class space    used 4212K, committed 4416K, reserved 1048576K
}
Event: 5.593 GC heap after
{Heap after GC invocations=18 (full 0):
 garbage-first heap   total reserved 8298496K, committed 450560K, used 266922K [0x0000000605800000, 0x0000000800000000)
  region size 4096K, 3 young (12288K), 3 survivors (12288K)
 Metaspace       used 30208K, committed 30656K, reserved 1114112K
  class space    used 4212K, committed 4416K, reserved 1048576K
}
Event: 6.196 GC heap before
{Heap before GC invocations=19 (full 0):
 garbage-first heap   total reserved 8298496K, committed 520192K, used 311978K [0x0000000605800000, 0x0000000800000000)
  region size 4096K, 5 young (20480K), 3 survivors (12288K)
 Metaspace       used 30365K, committed 30848K, reserved 1114112K
  class space    used 4214K, committed 4416K, reserved 1048576K
}
Event: 6.203 GC heap after
{Heap after GC invocations=20 (full 0):
 garbage-first heap   total reserved 8298496K, committed 520192K, used 268626K [0x0000000605800000, 0x0000000800000000)
  region size 4096K, 3 young (12288K), 3 survivors (12288K)
 Metaspace       used 30365K, committed 30848K, reserved 1114112K
  class space    used 4214K, committed 4416K, reserved 1048576K
}
Event: 6.379 GC heap before
{Heap before GC invocations=21 (full 0):
 garbage-first heap   total reserved 8298496K, committed 520192K, used 309586K [0x0000000605800000, 0x0000000800000000)
  region size 4096K, 4 young (16384K), 3 survivors (12288K)
 Metaspace       used 30367K, committed 30848K, reserved 1114112K
  class space    used 4214K, committed 4416K, reserved 1048576K
}
Event: 6.386 GC heap after
{Heap after GC invocations=22 (full 0):
 garbage-first heap   total reserved 8298496K, committed 626688K, used 306853K [0x0000000605800000, 0x0000000800000000)
  region size 4096K, 3 young (12288K), 3 survivors (12288K)
 Metaspace       used 30367K, committed 30848K, reserved 1114112K
  class space    used 4214K, committed 4416K, reserved 1048576K
}

