# JRE version: Java(TM) SE Runtime Environment (23.0+37) (build 23+37-2369)
# Java VM: Java HotSpot(TM) 64-Bit Server VM (23+37-2369, mixed mode, sharing, tiered, compressed oops, compressed class ptrs, g1 gc, windows-amd64)
GC Precious Log:
 CardTable entry size: 512
 Card Set container configuration: InlinePtr #cards 4 size 8 Array Of Cards #cards 32 size 80 Howl #buckets 8 coarsen threshold 7372 Howl Bitmap #cards 1024 size 144 coarsen threshold 921 Card regions per heap region 1 cards per card region 8192
 CPUs: 20 total, 20 available
 Memory: 32400M
 Large Page Support: Disabled
 NUMA Support: Disabled
 Compressed Oops: Enabled (Zero based)
 Heap Region Size: 4M
 Heap Min Capacity: 8M
 Heap Initial Capacity: 508M
 Heap Max Capacity: 8104M
 Pre-touch: Disabled
 Parallel Workers: 15
 Concurrent Workers: 4
 Concurrent Refinement Workers: 15
 Periodic GC: Disabled
Heap:
 garbage-first heap   total reserved 8298496K, committed 446464K, used 327079K [0x0000000605800000, 0x0000000800000000)
  region size 4096K, 5 young (20480K), 2 survivors (8192K)
 Metaspace       used 35893K, committed 36288K, reserved 1114112K
  class space    used 4475K, committed 4608K, reserved 1048576K
GC Heap History (20 events):
Event: 1.366 GC heap before
{Heap before GC invocations=0 (full 0):
 garbage-first heap   total reserved 8298496K, committed 520192K, used 20480K [0x0000000605800000, 0x0000000800000000)
  region size 4096K, 6 young (24576K), 0 survivors (0K)
 Metaspace       used 3325K, committed 3520K, reserved 1114112K
  class space    used 335K, committed 448K, reserved 1048576K
}
Event: 1.373 GC heap after
{Heap after GC invocations=1 (full 0):
 garbage-first heap   total reserved 8298496K, committed 520192K, used 2280K [0x0000000605800000, 0x0000000800000000)
  region size 4096K, 1 young (4096K), 1 survivors (4096K)
 Metaspace       used 3325K, committed 3520K, reserved 1114112K
  class space    used 335K, committed 448K, reserved 1048576K
}
Event: 2.213 GC heap before
{Heap before GC invocations=1 (full 0):
 garbage-first heap   total reserved 8298496K, committed 520192K, used 22760K [0x0000000605800000, 0x0000000800000000)
  region size 4096K, 7 young (28672K), 1 survivors (4096K)
 Metaspace       used 12053K, committed 12352K, reserved 1114112K
  class space    used 1378K, committed 1536K, reserved 1048576K
}
Event: 2.219 GC heap after
{Heap after GC invocations=2 (full 0):
 garbage-first heap   total reserved 8298496K, committed 520192K, used 5073K [0x0000000605800000, 0x0000000800000000)
  region size 4096K, 1 young (4096K), 1 survivors (4096K)
 Metaspace       used 12053K, committed 12352K, reserved 1114112K
  class space    used 1378K, committed 1536K, reserved 1048576K
}
Event: 3.481 GC heap before
{Heap before GC invocations=2 (full 0):
 garbage-first heap   total reserved 8298496K, committed 520192K, used 70609K [0x0000000605800000, 0x0000000800000000)
  region size 4096K, 10 young (40960K), 1 survivors (4096K)
 Metaspace       used 21217K, committed 21504K, reserved 1114112K
  class space    used 2520K, committed 2688K, reserved 1048576K
}
Event: 3.490 GC heap after
{Heap after GC invocations=3 (full 0):
 garbage-first heap   total reserved 8298496K, committed 520192K, used 46404K [0x0000000605800000, 0x0000000800000000)
  region size 4096K, 2 young (8192K), 2 survivors (8192K)
 Metaspace       used 21217K, committed 21504K, reserved 1114112K
  class space    used 2520K, committed 2688K, reserved 1048576K
}
Event: 4.388 GC heap before
{Heap before GC invocations=4 (full 0):
 garbage-first heap   total reserved 8298496K, committed 163840K, used 50500K [0x0000000605800000, 0x0000000800000000)
  region size 4096K, 5 young (20480K), 2 survivors (8192K)
 Metaspace       used 22980K, committed 23360K, reserved 1114112K
  class space    used 2755K, committed 2944K, reserved 1048576K
}
Event: 4.395 GC heap after
{Heap after GC invocations=5 (full 0):
 garbage-first heap   total reserved 8298496K, committed 163840K, used 47744K [0x0000000605800000, 0x0000000800000000)
  region size 4096K, 1 young (4096K), 1 survivors (4096K)
 Metaspace       used 22980K, committed 23360K, reserved 1114112K
  class space    used 2755K, committed 2944K, reserved 1048576K
}
Event: 4.976 GC heap before
{Heap before GC invocations=5 (full 0):
 garbage-first heap   total reserved 8298496K, committed 163840K, used 92800K [0x0000000605800000, 0x0000000800000000)
  region size 4096K, 3 young (12288K), 1 survivors (4096K)
 Metaspace       used 23735K, committed 24064K, reserved 1114112K
  class space    used 2871K, committed 3008K, reserved 1048576K
}
Event: 4.980 GC heap after
{Heap after GC invocations=6 (full 0):
 garbage-first heap   total reserved 8298496K, committed 163840K, used 88318K [0x0000000605800000, 0x0000000800000000)
  region size 4096K, 1 young (4096K), 1 survivors (4096K)
 Metaspace       used 23735K, committed 24064K, reserved 1114112K
  class space    used 2871K, committed 3008K, reserved 1048576K
}
Event: 10.940 GC heap before
{Heap before GC invocations=7 (full 0):
 garbage-first heap   total reserved 8298496K, committed 282624K, used 260350K [0x0000000605800000, 0x0000000800000000)
  region size 4096K, 12 young (49152K), 1 survivors (4096K)
 Metaspace       used 31885K, committed 32256K, reserved 1114112K
  class space    used 3997K, committed 4160K, reserved 1048576K
}
Event: 10.945 GC heap after
{Heap after GC invocations=8 (full 0):
 garbage-first heap   total reserved 8298496K, committed 282624K, used 181637K [0x0000000605800000, 0x0000000800000000)
  region size 4096K, 2 young (8192K), 2 survivors (8192K)
 Metaspace       used 31885K, committed 32256K, reserved 1114112K
  class space    used 3997K, committed 4160K, reserved 1048576K
}
Event: 12.387 GC heap before
{Heap before GC invocations=8 (full 0):
 garbage-first heap   total reserved 8298496K, committed 282624K, used 271749K [0x0000000605800000, 0x0000000800000000)
  region size 4096K, 7 young (28672K), 2 survivors (8192K)
 Metaspace       used 34582K, committed 34944K, reserved 1114112K
  class space    used 4405K, committed 4544K, reserved 1048576K
}
Event: 12.396 GC heap after
{Heap after GC invocations=9 (full 0):
 garbage-first heap   total reserved 8298496K, committed 294912K, used 261149K [0x0000000605800000, 0x0000000800000000)
  region size 4096K, 2 young (8192K), 2 survivors (8192K)
 Metaspace       used 34582K, committed 34944K, reserved 1114112K
  class space    used 4405K, committed 4544K, reserved 1048576K
}
Event: 12.536 GC heap before
{Heap before GC invocations=9 (full 0):
 garbage-first heap   total reserved 8298496K, committed 294912K, used 265245K [0x0000000605800000, 0x0000000800000000)
  region size 4096K, 3 young (12288K), 2 survivors (8192K)
 Metaspace       used 34894K, committed 35264K, reserved 1114112K
  class space    used 4450K, committed 4608K, reserved 1048576K
}
Event: 12.540 GC heap after
{Heap after GC invocations=10 (full 0):
 garbage-first heap   total reserved 8298496K, committed 294912K, used 262570K [0x0000000605800000, 0x0000000800000000)
  region size 4096K, 1 young (4096K), 1 survivors (4096K)
 Metaspace       used 34894K, committed 35264K, reserved 1114112K
  class space    used 4450K, committed 4608K, reserved 1048576K
}
Event: 12.821 GC heap before
{Heap before GC invocations=11 (full 0):
 garbage-first heap   total reserved 8298496K, committed 446464K, used 270762K [0x0000000605800000, 0x0000000800000000)
  region size 4096K, 3 young (12288K), 1 survivors (4096K)
 Metaspace       used 35127K, committed 35520K, reserved 1114112K
  class space    used 4450K, committed 4608K, reserved 1048576K
}
Event: 12.824 GC heap after
{Heap after GC invocations=12 (full 0):
 garbage-first heap   total reserved 8298496K, committed 446464K, used 264972K [0x0000000605800000, 0x0000000800000000)
  region size 4096K, 1 young (4096K), 1 survivors (4096K)
 Metaspace       used 35127K, committed 35520K, reserved 1114112K
  class space    used 4450K, committed 4608K, reserved 1048576K
}
Event: 15.673 GC heap before
{Heap before GC invocations=12 (full 0):
 garbage-first heap   total reserved 8298496K, committed 446464K, used 264972K [0x0000000605800000, 0x0000000800000000)
  region size 4096K, 3 young (12288K), 1 survivors (4096K)
 Metaspace       used 35469K, committed 35840K, reserved 1114112K
  class space    used 4456K, committed 4608K, reserved 1048576K
}
Event: 15.677 GC heap after
{Heap after GC invocations=13 (full 0):
 garbage-first heap   total reserved 8298496K, committed 446464K, used 269735K [0x0000000605800000, 0x0000000800000000)
  region size 4096K, 2 young (8192K), 2 survivors (8192K)
 Metaspace       used 35469K, committed 35840K, reserved 1114112K
  class space    used 4456K, committed 4608K, reserved 1048576K
}

