# JRE version: Java(TM) SE Runtime Environment (23.0+37) (build 23+37-2369)
# Java VM: Java HotSpot(TM) 64-Bit Server VM (23+37-2369, mixed mode, sharing, tiered, compressed oops, compressed class ptrs, g1 gc, windows-amd64)
GC Precious Log:
 CardTable entry size: 512
 Card Set container configuration: InlinePtr #cards 4 size 8 Array Of Cards #cards 32 size 80 Howl #buckets 8 coarsen threshold 7372 Howl Bitmap #cards 1024 size 144 coarsen threshold 921 Card regions per heap region 1 cards per card region 8192
 CPUs: 20 total, 20 available
 Memory: 32400M
 Large Page Support: Disabled
 NUMA Support: Disabled
 Compressed Oops: Enabled (Zero based)
 Heap Region Size: 4M
 Heap Min Capacity: 8M
 Heap Initial Capacity: 508M
 Heap Max Capacity: 8104M
 Pre-touch: Disabled
 Parallel Workers: 15
 Concurrent Workers: 4
 Concurrent Refinement Workers: 15
 Periodic GC: Disabled
Heap:
 garbage-first heap   total reserved 8298496K, committed 630784K, used 506864K [0x0000000605800000, 0x0000000800000000)
  region size 4096K, 7 young (28672K), 3 survivors (12288K)
 Metaspace       used 38081K, committed 38528K, reserved 1114112K
  class space    used 5102K, committed 5312K, reserved 1048576K
GC Heap History (16 events):
Event: 0.577 GC heap before
{Heap before GC invocations=0 (full 0):
 garbage-first heap   total reserved 8298496K, committed 520192K, used 20480K [0x0000000605800000, 0x0000000800000000)
  region size 4096K, 6 young (24576K), 0 survivors (0K)
 Metaspace       used 2400K, committed 2560K, reserved 1114112K
  class space    used 239K, committed 320K, reserved 1048576K
}
Event: 0.587 GC heap after
{Heap after GC invocations=1 (full 0):
 garbage-first heap   total reserved 8298496K, committed 520192K, used 5115K [0x0000000605800000, 0x0000000800000000)
  region size 4096K, 1 young (4096K), 1 survivors (4096K)
 Metaspace       used 2400K, committed 2560K, reserved 1114112K
  class space    used 239K, committed 320K, reserved 1048576K
}
Event: 1.207 GC heap before
{Heap before GC invocations=1 (full 0):
 garbage-first heap   total reserved 8298496K, committed 520192K, used 25595K [0x0000000605800000, 0x0000000800000000)
  region size 4096K, 6 young (24576K), 1 survivors (4096K)
 Metaspace       used 9314K, committed 9664K, reserved 1114112K
  class space    used 1054K, committed 1216K, reserved 1048576K
}
Event: 1.213 GC heap after
{Heap after GC invocations=2 (full 0):
 garbage-first heap   total reserved 8298496K, committed 520192K, used 8555K [0x0000000605800000, 0x0000000800000000)
  region size 4096K, 1 young (4096K), 1 survivors (4096K)
 Metaspace       used 9314K, committed 9664K, reserved 1114112K
  class space    used 1054K, committed 1216K, reserved 1048576K
}
Event: 2.681 GC heap before
{Heap before GC invocations=2 (full 0):
 garbage-first heap   total reserved 8298496K, committed 520192K, used 78187K [0x0000000605800000, 0x0000000800000000)
  region size 4096K, 11 young (45056K), 1 survivors (4096K)
 Metaspace       used 21038K, committed 21504K, reserved 1114112K
  class space    used 2722K, committed 2944K, reserved 1048576K
}
Event: 2.691 GC heap after
{Heap after GC invocations=3 (full 0):
 garbage-first heap   total reserved 8298496K, committed 520192K, used 50213K [0x0000000605800000, 0x0000000800000000)
  region size 4096K, 2 young (8192K), 2 survivors (8192K)
 Metaspace       used 21038K, committed 21504K, reserved 1114112K
  class space    used 2722K, committed 2944K, reserved 1048576K
}
Event: 13.842 GC heap before
{Heap before GC invocations=4 (full 0):
 garbage-first heap   total reserved 8298496K, committed 180224K, used 58405K [0x0000000605800000, 0x0000000800000000)
  region size 4096K, 5 young (20480K), 2 survivors (8192K)
 Metaspace       used 22385K, committed 22784K, reserved 1114112K
  class space    used 2882K, committed 3072K, reserved 1048576K
}
Event: 13.851 GC heap after
{Heap after GC invocations=5 (full 0):
 garbage-first heap   total reserved 8298496K, committed 180224K, used 50774K [0x0000000605800000, 0x0000000800000000)
  region size 4096K, 2 young (8192K), 2 survivors (8192K)
 Metaspace       used 22385K, committed 22784K, reserved 1114112K
  class space    used 2882K, committed 3072K, reserved 1048576K
}
Event: 14.261 GC heap before
{Heap before GC invocations=5 (full 0):
 garbage-first heap   total reserved 8298496K, committed 180224K, used 95830K [0x0000000605800000, 0x0000000800000000)
  region size 4096K, 4 young (16384K), 2 survivors (8192K)
 Metaspace       used 23101K, committed 23488K, reserved 1114112K
  class space    used 3001K, committed 3200K, reserved 1048576K
}
Event: 14.268 GC heap after
{Heap after GC invocations=6 (full 0):
 garbage-first heap   total reserved 8298496K, committed 180224K, used 92013K [0x0000000605800000, 0x0000000800000000)
  region size 4096K, 2 young (8192K), 2 survivors (8192K)
 Metaspace       used 23101K, committed 23488K, reserved 1114112K
  class space    used 3001K, committed 3200K, reserved 1048576K
}
Event: 21.814 GC heap before
{Heap before GC invocations=7 (full 0):
 garbage-first heap   total reserved 8298496K, committed 360448K, used 345965K [0x0000000605800000, 0x0000000800000000)
  region size 4096K, 15 young (61440K), 2 survivors (8192K)
 Metaspace       used 32110K, committed 32576K, reserved 1114112K
  class space    used 4338K, committed 4544K, reserved 1048576K
}
Event: 21.827 GC heap after
{Heap after GC invocations=8 (full 0):
 garbage-first heap   total reserved 8298496K, committed 372736K, used 228038K [0x0000000605800000, 0x0000000800000000)
  region size 4096K, 2 young (8192K), 2 survivors (8192K)
 Metaspace       used 32110K, committed 32576K, reserved 1114112K
  class space    used 4338K, committed 4544K, reserved 1048576K
}
Event: 38.752 GC heap before
{Heap before GC invocations=8 (full 0):
 garbage-first heap   total reserved 8298496K, committed 573440K, used 535238K [0x0000000605800000, 0x0000000800000000)
  region size 4096K, 20 young (81920K), 2 survivors (8192K)
 Metaspace       used 37449K, committed 37888K, reserved 1114112K
  class space    used 5062K, committed 5248K, reserved 1048576K
}
Event: 38.761 GC heap after
{Heap after GC invocations=9 (full 0):
 garbage-first heap   total reserved 8298496K, committed 573440K, used 361632K [0x0000000605800000, 0x0000000800000000)
  region size 4096K, 3 young (12288K), 3 survivors (12288K)
 Metaspace       used 37449K, committed 37888K, reserved 1114112K
  class space    used 5062K, committed 5248K, reserved 1048576K
}
Event: 41.187 GC heap before
{Heap before GC invocations=9 (full 0):
 garbage-first heap   total reserved 8298496K, committed 573440K, used 394400K [0x0000000605800000, 0x0000000800000000)
  region size 4096K, 12 young (49152K), 3 survivors (12288K)
 Metaspace       used 37769K, committed 38272K, reserved 1114112K
  class space    used 5085K, committed 5312K, reserved 1048576K
}
Event: 41.197 GC heap after
{Heap after GC invocations=10 (full 0):
 garbage-first heap   total reserved 8298496K, committed 573440K, used 367600K [0x0000000605800000, 0x0000000800000000)
  region size 4096K, 3 young (12288K), 3 survivors (12288K)
 Metaspace       used 37769K, committed 38272K, reserved 1114112K
  class space    used 5085K, committed 5312K, reserved 1048576K
}

